2025-08-08 10:24:32 - Navecraft - INFO - SYSTEM: platform=Windows-11-10.0.26100-SP0
2025-08-08 10:24:32 - Navecraft - INFO - SYSTEM: python_version=3.13.3
2025-08-08 10:24:32 - Navecraft - INFO - SYSTEM: pygame_version=2.6.1
2025-08-08 10:24:32 - Navecraft - INFO - SYSTEM: screen_size=1200x800
2025-08-08 10:24:32 - Navecraft - INFO - Iniciando jogo Navecraft
2025-08-08 10:24:32 - Navecraft - INFO - Inicializando mundo do jogo
2025-08-08 10:24:32 - Navecraft - INFO - Gerados 5 planetas
2025-08-08 10:24:32 - Navecraft - INFO - Gerados 26914 blocos
2025-08-08 10:24:32 - Navecraft - INFO - Gerados 10 inimigos
2025-08-08 10:24:32 - Navecraft - INFO - Mundo inicializado com sucesso
2025-08-08 10:24:32 - Navecraft - INFO - Jogo inicializado com sucesso
2025-08-08 10:25:20 - Navecraft - INFO - SYSTEM: platform=Windows-11-10.0.26100-SP0
2025-08-08 10:25:20 - Navecraft - INFO - SYSTEM: python_version=3.13.3
2025-08-08 10:25:20 - Navecraft - INFO - SYSTEM: pygame_version=2.6.1
2025-08-08 10:25:20 - Navecraft - INFO - SYSTEM: screen_size=1200x800
2025-08-08 10:25:20 - Navecraft - INFO - Iniciando jogo Navecraft
2025-08-08 10:25:20 - Navecraft - INFO - Inicializando mundo do jogo
2025-08-08 10:25:20 - Navecraft - INFO - Gerados 5 planetas
2025-08-08 10:25:20 - Navecraft - INFO - Gerados 26914 blocos
2025-08-08 10:25:20 - Navecraft - INFO - Gerados 10 inimigos
2025-08-08 10:25:20 - Navecraft - INFO - Mundo inicializado com sucesso
2025-08-08 10:25:20 - Navecraft - INFO - Jogo inicializado com sucesso
2025-08-08 10:26:33 - Navecraft - INFO - SYSTEM: platform=Windows-11-10.0.26100-SP0
2025-08-08 10:26:33 - Navecraft - INFO - SYSTEM: python_version=3.13.3
2025-08-08 10:26:33 - Navecraft - INFO - SYSTEM: pygame_version=2.6.1
2025-08-08 10:26:33 - Navecraft - INFO - SYSTEM: screen_size=1200x800
2025-08-08 10:26:33 - Navecraft - INFO - Iniciando jogo Navecraft
2025-08-08 10:26:33 - Navecraft - INFO - Inicializando mundo do jogo
2025-08-08 10:26:33 - Navecraft - INFO - Gerados 5 planetas
2025-08-08 10:26:33 - Navecraft - INFO - Gerados 26914 blocos
2025-08-08 10:26:33 - Navecraft - INFO - Gerados 10 inimigos
2025-08-08 10:26:33 - Navecraft - INFO - Mundo inicializado com sucesso
2025-08-08 10:26:33 - Navecraft - INFO - Jogo inicializado com sucesso
[2025-08-08 10:27:11] [WARNING] Game Over - Nave destruída
2025-08-08 10:27:11 - Navecraft - INFO - GAME_EVENT: game_over - spaceship_destroyed
2025-08-08 10:29:29 - Navecraft - INFO - SYSTEM: platform=Windows-11-10.0.26100-SP0
2025-08-08 10:29:29 - Navecraft - INFO - SYSTEM: python_version=3.13.3
2025-08-08 10:29:29 - Navecraft - INFO - SYSTEM: pygame_version=2.6.1
2025-08-08 10:29:29 - Navecraft - INFO - SYSTEM: screen_size=1200x800
2025-08-08 10:29:29 - Navecraft - INFO - Iniciando jogo Navecraft
2025-08-08 10:29:29 - Navecraft - INFO - Inicializando mundo do jogo
2025-08-08 10:29:29 - Navecraft - INFO - Gerados 5 planetas
2025-08-08 10:29:29 - Navecraft - INFO - Gerados 26914 blocos
2025-08-08 10:29:29 - Navecraft - INFO - Gerados 10 inimigos
2025-08-08 10:29:29 - Navecraft - INFO - Mundo inicializado com sucesso
2025-08-08 10:29:29 - Navecraft - INFO - Jogo inicializado com sucesso
[2025-08-08 10:48:46] [WARNING] Game Over - Nave destruída
2025-08-08 10:48:46 - Navecraft - INFO - GAME_EVENT: game_over - spaceship_destroyed
2025-08-08 10:52:04 - Navecraft - INFO - SYSTEM: platform=Windows-11-10.0.26100-SP0
2025-08-08 10:52:04 - Navecraft - INFO - SYSTEM: python_version=3.13.3
2025-08-08 10:52:04 - Navecraft - INFO - SYSTEM: pygame_version=2.6.1
2025-08-08 10:52:04 - Navecraft - INFO - SYSTEM: screen_size=1200x800
2025-08-08 10:52:04 - Navecraft - INFO - Iniciando jogo Navecraft
2025-08-08 10:52:04 - Navecraft - INFO - Inicializando mundo do jogo
2025-08-08 10:52:04 - Navecraft - INFO - Gerados 5 planetas
2025-08-08 10:52:04 - Navecraft - INFO - Gerados 26914 blocos
2025-08-08 10:52:04 - Navecraft - INFO - Gerados 10 inimigos
2025-08-08 10:52:04 - Navecraft - INFO - Mundo inicializado com sucesso
2025-08-08 10:52:04 - Navecraft - INFO - Jogo inicializado com sucesso
[2025-08-08 11:04:49] [WARNING] Game Over - Nave destruída
2025-08-08 11:04:49 - Navecraft - INFO - GAME_EVENT: game_over - spaceship_destroyed
2025-08-08 11:05:59 - Navecraft - INFO - SYSTEM: platform=Windows-11-10.0.26100-SP0
2025-08-08 11:05:59 - Navecraft - INFO - SYSTEM: python_version=3.13.3
2025-08-08 11:05:59 - Navecraft - INFO - SYSTEM: pygame_version=2.6.1
2025-08-08 11:05:59 - Navecraft - INFO - SYSTEM: screen_size=1200x800
2025-08-08 11:05:59 - Navecraft - INFO - Iniciando jogo Navecraft
2025-08-08 11:05:59 - Navecraft - INFO - Inicializando mundo do jogo
2025-08-08 11:05:59 - Navecraft - INFO - Gerados 5 planetas
2025-08-08 11:05:59 - Navecraft - INFO - Gerados 26914 blocos
2025-08-08 11:05:59 - Navecraft - INFO - Gerados 10 inimigos
2025-08-08 11:05:59 - Navecraft - INFO - Mundo inicializado com sucesso
2025-08-08 11:05:59 - Navecraft - INFO - Jogo inicializado com sucesso
2025-08-08 11:07:24 - Navecraft - INFO - SYSTEM: platform=Windows-11-10.0.26100-SP0
2025-08-08 11:07:24 - Navecraft - INFO - SYSTEM: python_version=3.13.3
2025-08-08 11:07:24 - Navecraft - INFO - SYSTEM: pygame_version=2.6.1
2025-08-08 11:07:24 - Navecraft - INFO - SYSTEM: screen_size=1200x800
2025-08-08 11:07:24 - Navecraft - INFO - Iniciando jogo Navecraft
2025-08-08 11:07:24 - Navecraft - INFO - Inicializando mundo do jogo
2025-08-08 11:07:24 - Navecraft - INFO - Gerados 5 planetas
2025-08-08 11:07:24 - Navecraft - INFO - Gerados 26914 blocos
2025-08-08 11:07:24 - Navecraft - INFO - Gerados 10 inimigos
2025-08-08 11:07:24 - Navecraft - INFO - Mundo inicializado com sucesso
2025-08-08 11:07:24 - Navecraft - INFO - Jogo inicializado com sucesso
2025-08-08 11:08:36 - Navecraft - INFO - SYSTEM: platform=Windows-11-10.0.26100-SP0
2025-08-08 11:08:36 - Navecraft - INFO - SYSTEM: python_version=3.13.3
2025-08-08 11:08:36 - Navecraft - INFO - SYSTEM: pygame_version=2.6.1
2025-08-08 11:08:36 - Navecraft - INFO - SYSTEM: screen_size=1200x800
2025-08-08 11:08:36 - Navecraft - INFO - Iniciando jogo Navecraft
2025-08-08 11:08:36 - Navecraft - INFO - Inicializando mundo do jogo
2025-08-08 11:08:36 - Navecraft - INFO - Gerados 5 planetas
2025-08-08 11:08:36 - Navecraft - INFO - Gerados 26914 blocos
2025-08-08 11:08:36 - Navecraft - INFO - Gerados 10 inimigos
2025-08-08 11:08:36 - Navecraft - INFO - Mundo inicializado com sucesso
2025-08-08 11:08:36 - Navecraft - INFO - Jogo inicializado com sucesso
[2025-08-08 11:09:19] [WARNING] Game Over - Nave destruída
2025-08-08 11:09:19 - Navecraft - INFO - GAME_EVENT: game_over - spaceship_destroyed
2025-08-08 11:10:40 - Navecraft - INFO - SYSTEM: platform=Windows-11-10.0.26100-SP0
2025-08-08 11:10:40 - Navecraft - INFO - SYSTEM: python_version=3.13.3
2025-08-08 11:10:40 - Navecraft - INFO - SYSTEM: pygame_version=2.6.1
2025-08-08 11:10:40 - Navecraft - INFO - SYSTEM: screen_size=1200x800
2025-08-08 11:10:40 - Navecraft - INFO - Iniciando jogo Navecraft
2025-08-08 11:10:40 - Navecraft - INFO - Inicializando mundo do jogo
2025-08-08 11:10:40 - Navecraft - INFO - Gerados 5 planetas
2025-08-08 11:10:40 - Navecraft - INFO - Gerados 26914 blocos
2025-08-08 11:10:40 - Navecraft - INFO - Gerados 10 inimigos
2025-08-08 11:10:40 - Navecraft - INFO - Mundo inicializado com sucesso
2025-08-08 11:10:40 - Navecraft - INFO - Jogo inicializado com sucesso
[2025-08-08 11:11:52] [WARNING] Game Over - Nave destruída
2025-08-08 11:11:52 - Navecraft - INFO - GAME_EVENT: game_over - spaceship_destroyed
2025-08-08 11:12:36 - Navecraft - INFO - SYSTEM: platform=Windows-11-10.0.26100-SP0
2025-08-08 11:12:36 - Navecraft - INFO - SYSTEM: python_version=3.13.3
2025-08-08 11:12:36 - Navecraft - INFO - SYSTEM: pygame_version=2.6.1
2025-08-08 11:12:36 - Navecraft - INFO - SYSTEM: screen_size=1200x800
2025-08-08 11:12:36 - Navecraft - INFO - Iniciando jogo Navecraft
2025-08-08 11:12:36 - Navecraft - INFO - Inicializando mundo do jogo
2025-08-08 11:12:36 - Navecraft - INFO - Gerados 5 planetas
2025-08-08 11:12:36 - Navecraft - INFO - Gerados 26914 blocos
2025-08-08 11:12:36 - Navecraft - INFO - Gerados 10 inimigos
2025-08-08 11:12:36 - Navecraft - INFO - Mundo inicializado com sucesso
2025-08-08 11:12:36 - Navecraft - INFO - Jogo inicializado com sucesso
2025-08-08 11:14:10 - Navecraft - INFO - SYSTEM: platform=Windows-11-10.0.26100-SP0
2025-08-08 11:14:10 - Navecraft - INFO - SYSTEM: python_version=3.13.3
2025-08-08 11:14:10 - Navecraft - INFO - SYSTEM: pygame_version=2.6.1
2025-08-08 11:14:10 - Navecraft - INFO - SYSTEM: screen_size=1200x800
2025-08-08 11:14:10 - Navecraft - INFO - Iniciando jogo Navecraft
2025-08-08 11:14:10 - Navecraft - INFO - Inicializando mundo do jogo
2025-08-08 11:14:10 - Navecraft - INFO - Gerados 5 planetas
2025-08-08 11:14:10 - Navecraft - INFO - Gerados 26914 blocos
2025-08-08 11:14:10 - Navecraft - INFO - Gerados 10 inimigos
2025-08-08 11:14:10 - Navecraft - INFO - Mundo inicializado com sucesso
2025-08-08 11:14:10 - Navecraft - INFO - Jogo inicializado com sucesso
2025-08-10 21:41:28 - Navecraft - INFO - SYSTEM: platform=Windows-11-10.0.26100-SP0
2025-08-10 21:41:28 - Navecraft - INFO - SYSTEM: python_version=3.13.3
2025-08-10 21:41:28 - Navecraft - INFO - SYSTEM: pygame_version=2.6.1
2025-08-10 21:41:28 - Navecraft - INFO - SYSTEM: screen_size=1200x800
2025-08-10 21:41:28 - Navecraft - INFO - Iniciando jogo Navecraft
2025-08-10 21:41:28 - Navecraft - INFO - Inicializando mundo do jogo
2025-08-10 21:41:28 - Navecraft - INFO - Gerados 5 planetas
2025-08-10 21:41:28 - Navecraft - INFO - Gerados 26914 blocos
2025-08-10 21:41:28 - Navecraft - INFO - Gerados 10 inimigos
2025-08-10 21:41:28 - Navecraft - INFO - Mundo inicializado com sucesso
2025-08-10 21:41:28 - Navecraft - INFO - Jogo inicializado com sucesso
2025-08-10 21:41:42 - Navecraft - INFO - SYSTEM: platform=Windows-11-10.0.26100-SP0
2025-08-10 21:41:42 - Navecraft - INFO - SYSTEM: python_version=3.13.3
2025-08-10 21:41:42 - Navecraft - INFO - SYSTEM: pygame_version=2.6.1
2025-08-10 21:41:42 - Navecraft - INFO - SYSTEM: screen_size=1200x800
2025-08-10 21:41:42 - Navecraft - INFO - Iniciando jogo Navecraft
2025-08-10 21:41:42 - Navecraft - INFO - Inicializando mundo do jogo
2025-08-10 21:41:42 - Navecraft - INFO - Gerados 5 planetas
2025-08-10 21:41:42 - Navecraft - INFO - Gerados 26914 blocos
2025-08-10 21:41:42 - Navecraft - INFO - Gerados 10 inimigos
2025-08-10 21:41:42 - Navecraft - INFO - Mundo inicializado com sucesso
2025-08-10 21:41:42 - Navecraft - INFO - Jogo inicializado com sucesso
[2025-08-10 21:42:29] [WARNING] Game Over - Nave destruída
2025-08-10 21:42:29 - Navecraft - INFO - GAME_EVENT: game_over - spaceship_destroyed
2026-01-13 13:46:08 - Navecraft - INFO - SYSTEM: platform=Windows-11-10.0.26200-SP0
2026-01-13 13:46:08 - Navecraft - INFO - SYSTEM: python_version=3.13.3
2026-01-13 13:46:08 - Navecraft - INFO - SYSTEM: pygame_version=2.6.1
2026-01-13 13:46:08 - Navecraft - INFO - SYSTEM: screen_size=1200x800
2026-01-13 13:46:08 - Navecraft - INFO - Iniciando jogo Navecraft
2026-01-13 13:46:08 - Navecraft - INFO - Inicializando mundo do jogo
2026-01-13 13:46:08 - Navecraft - INFO - Gerados 5 planetas
2026-01-13 13:46:08 - Navecraft - INFO - Gerados 26914 blocos
2026-01-13 13:46:08 - Navecraft - INFO - Gerados 10 inimigos
2026-01-13 13:46:08 - Navecraft - INFO - Mundo inicializado com sucesso
2026-01-13 13:46:08 - Navecraft - INFO - Jogo inicializado com sucesso
2026-01-13 13:47:26 - Navecraft - INFO - SYSTEM: platform=Windows-11-10.0.26200-SP0
2026-01-13 13:47:26 - Navecraft - INFO - SYSTEM: python_version=3.13.3
2026-01-13 13:47:26 - Navecraft - INFO - SYSTEM: pygame_version=2.6.1
2026-01-13 13:47:26 - Navecraft - INFO - SYSTEM: screen_size=1200x800
2026-01-13 13:47:26 - Navecraft - INFO - Iniciando jogo Navecraft
2026-01-13 13:47:26 - Navecraft - INFO - Inicializando mundo do jogo
2026-01-13 13:47:26 - Navecraft - INFO - Gerados 5 planetas
2026-01-13 13:47:26 - Navecraft - INFO - Gerados 26914 blocos
2026-01-13 13:47:26 - Navecraft - INFO - Gerados 10 inimigos
2026-01-13 13:47:26 - Navecraft - INFO - Mundo inicializado com sucesso
2026-01-13 13:47:26 - Navecraft - INFO - Jogo inicializado com sucesso
2026-01-13 13:48:01 - Navecraft - INFO - SYSTEM: platform=Windows-11-10.0.26200-SP0
2026-01-13 13:48:01 - Navecraft - INFO - SYSTEM: python_version=3.13.3
2026-01-13 13:48:01 - Navecraft - INFO - SYSTEM: pygame_version=2.6.1
2026-01-13 13:48:01 - Navecraft - INFO - SYSTEM: screen_size=1200x800
2026-01-13 13:48:01 - Navecraft - INFO - Iniciando jogo Navecraft
2026-01-13 13:48:01 - Navecraft - INFO - Inicializando mundo do jogo
2026-01-13 13:48:01 - Navecraft - INFO - Gerados 5 planetas
2026-01-13 13:48:01 - Navecraft - INFO - Gerados 26914 blocos
2026-01-13 13:48:01 - Navecraft - INFO - Gerados 10 inimigos
2026-01-13 13:48:01 - Navecraft - INFO - Mundo inicializado com sucesso
2026-01-13 13:48:01 - Navecraft - INFO - Jogo inicializado com sucesso
[2026-01-13 13:48:44] [WARNING] Game Over - Nave destruída
2026-01-13 13:48:44 - Navecraft - INFO - GAME_EVENT: game_over - spaceship_destroyed
